<?xml version="1.0" encoding="UTF-8"?>
<testsuite name="com.example.DbApplicationTests" tests="1" skipped="0" failures="0" errors="0" timestamp="2016-08-19T07:11:14" hostname="msw" time="0.011">
  <properties/>
  <testcase name="contextLoads" classname="com.example.DbApplicationTests" time="0.011"/>
  <system-out><![CDATA[16:41:12.622 [Test worker] DEBUG org.springframework.test.context.junit4.SpringJUnit4ClassRunner - SpringJUnit4ClassRunner constructor called with [class com.example.DbApplicationTests]
16:41:12.627 [Test worker] DEBUG org.springframework.test.context.BootstrapUtils - Instantiating CacheAwareContextLoaderDelegate from class [org.springframework.test.context.cache.DefaultCacheAwareContextLoaderDelegate]
16:41:12.635 [Test worker] DEBUG org.springframework.test.context.BootstrapUtils - Instantiating BootstrapContext using constructor [public org.springframework.test.context.support.DefaultBootstrapContext(java.lang.Class,org.springframework.test.context.CacheAwareContextLoaderDelegate)]
16:41:12.651 [Test worker] DEBUG org.springframework.test.context.BootstrapUtils - Instantiating TestContextBootstrapper for test class [com.example.DbApplicationTests] from class [org.springframework.boot.test.context.SpringBootTestContextBootstrapper]
16:41:12.673 [Test worker] INFO org.springframework.boot.test.context.SpringBootTestContextBootstrapper - Neither @ContextConfiguration nor @ContextHierarchy found for test class [com.example.DbApplicationTests], using SpringBootContextLoader
16:41:12.677 [Test worker] DEBUG org.springframework.test.context.support.AbstractContextLoader - Did not detect default resource location for test class [com.example.DbApplicationTests]: class path resource [com/example/DbApplicationTests-context.xml] does not exist
16:41:12.677 [Test worker] DEBUG org.springframework.test.context.support.AbstractContextLoader - Did not detect default resource location for test class [com.example.DbApplicationTests]: class path resource [com/example/DbApplicationTestsContext.groovy] does not exist
16:41:12.678 [Test worker] INFO org.springframework.test.context.support.AbstractContextLoader - Could not detect default resource locations for test class [com.example.DbApplicationTests]: no resource found for suffixes {-context.xml, Context.groovy}.
16:41:12.679 [Test worker] INFO org.springframework.test.context.support.AnnotationConfigContextLoaderUtils - Could not detect default configuration classes for test class [com.example.DbApplicationTests]: DbApplicationTests does not declare any static, non-private, non-final, nested classes annotated with @Configuration.
16:41:12.718 [Test worker] DEBUG org.springframework.test.context.support.ActiveProfilesUtils - Could not find an 'annotation declaring class' for annotation type [org.springframework.test.context.ActiveProfiles] and class [com.example.DbApplicationTests]
16:41:12.787 [Test worker] DEBUG org.springframework.core.env.StandardEnvironment - Adding [systemProperties] PropertySource with lowest search precedence
16:41:12.789 [Test worker] DEBUG org.springframework.core.env.StandardEnvironment - Adding [systemEnvironment] PropertySource with lowest search precedence
16:41:12.790 [Test worker] DEBUG org.springframework.core.env.StandardEnvironment - Initialized StandardEnvironment with PropertySources [systemProperties,systemEnvironment]
16:41:12.801 [Test worker] DEBUG org.springframework.core.io.support.PathMatchingResourcePatternResolver - Resolved classpath location [com/example/] to resources [URL [file:/home/deya/dev/java/spring/dm-mon20/dmon/src/main/java/com/dmon/db/build/classes/test/com/example/], URL [file:/home/deya/dev/java/spring/dm-mon20/dmon/src/main/java/com/dmon/db/build/classes/main/com/example/]]
16:41:12.802 [Test worker] DEBUG org.springframework.core.io.support.PathMatchingResourcePatternResolver - Looking for matching resources in directory tree [/home/deya/dev/java/spring/dm-mon20/dmon/src/main/java/com/dmon/db/build/classes/test/com/example]
16:41:12.802 [Test worker] DEBUG org.springframework.core.io.support.PathMatchingResourcePatternResolver - Searching directory [/home/deya/dev/java/spring/dm-mon20/dmon/src/main/java/com/dmon/db/build/classes/test/com/example] for files matching pattern [/home/deya/dev/java/spring/dm-mon20/dmon/src/main/java/com/dmon/db/build/classes/test/com/example/*.class]
16:41:12.806 [Test worker] DEBUG org.springframework.core.io.support.PathMatchingResourcePatternResolver - Looking for matching resources in directory tree [/home/deya/dev/java/spring/dm-mon20/dmon/src/main/java/com/dmon/db/build/classes/main/com/example]
16:41:12.807 [Test worker] DEBUG org.springframework.core.io.support.PathMatchingResourcePatternResolver - Searching directory [/home/deya/dev/java/spring/dm-mon20/dmon/src/main/java/com/dmon/db/build/classes/main/com/example] for files matching pattern [/home/deya/dev/java/spring/dm-mon20/dmon/src/main/java/com/dmon/db/build/classes/main/com/example/*.class]
16:41:12.808 [Test worker] DEBUG org.springframework.core.io.support.PathMatchingResourcePatternResolver - Resolved location pattern [classpath*:com/example/*.class] to resources [file [/home/deya/dev/java/spring/dm-mon20/dmon/src/main/java/com/dmon/db/build/classes/test/com/example/DbApplicationTests.class], file [/home/deya/dev/java/spring/dm-mon20/dmon/src/main/java/com/dmon/db/build/classes/main/com/example/DbApplication.class]]
16:41:12.907 [Test worker] DEBUG org.springframework.context.annotation.ClassPathScanningCandidateComponentProvider - Identified candidate component class: file [/home/deya/dev/java/spring/dm-mon20/dmon/src/main/java/com/dmon/db/build/classes/main/com/example/DbApplication.class]
16:41:12.908 [Test worker] INFO org.springframework.boot.test.context.SpringBootTestContextBootstrapper - Found @SpringBootConfiguration com.example.DbApplication for test class com.example.DbApplicationTests
16:41:12.913 [Test worker] DEBUG org.springframework.boot.test.context.SpringBootTestContextBootstrapper - @TestExecutionListeners is not present for class [com.example.DbApplicationTests]: using defaults.
16:41:12.918 [Test worker] INFO org.springframework.boot.test.context.SpringBootTestContextBootstrapper - Loaded default TestExecutionListener class names from location [META-INF/spring.factories]: [org.springframework.boot.test.mock.mockito.MockitoTestExecutionListener, org.springframework.boot.test.mock.mockito.ResetMocksTestExecutionListener, org.springframework.boot.test.autoconfigure.AutoConfigureReportTestExecutionListener, org.springframework.boot.test.autoconfigure.restdocs.RestDocsTestExecutionListener, org.springframework.boot.test.autoconfigure.web.client.MockRestServiceServerResetTestExecutionListener, org.springframework.test.context.web.ServletTestExecutionListener, org.springframework.test.context.support.DirtiesContextBeforeModesTestExecutionListener, org.springframework.test.context.support.DependencyInjectionTestExecutionListener, org.springframework.test.context.support.DirtiesContextTestExecutionListener, org.springframework.test.context.transaction.TransactionalTestExecutionListener, org.springframework.test.context.jdbc.SqlScriptsTestExecutionListener]
16:41:12.926 [Test worker] INFO org.springframework.boot.test.context.SpringBootTestContextBootstrapper - Could not instantiate TestExecutionListener [org.springframework.test.context.jdbc.SqlScriptsTestExecutionListener]. Specify custom listener classes or make the default listener classes (and their required dependencies) available. Offending class: [org/springframework/transaction/interceptor/TransactionAttribute]
16:41:12.927 [Test worker] INFO org.springframework.boot.test.context.SpringBootTestContextBootstrapper - Could not instantiate TestExecutionListener [org.springframework.test.context.transaction.TransactionalTestExecutionListener]. Specify custom listener classes or make the default listener classes (and their required dependencies) available. Offending class: [org/springframework/transaction/TransactionDefinition]
16:41:12.928 [Test worker] INFO org.springframework.boot.test.context.SpringBootTestContextBootstrapper - Could not instantiate TestExecutionListener [org.springframework.test.context.web.ServletTestExecutionListener]. Specify custom listener classes or make the default listener classes (and their required dependencies) available. Offending class: [javax/servlet/ServletContext]
16:41:12.928 [Test worker] INFO org.springframework.boot.test.context.SpringBootTestContextBootstrapper - Using TestExecutionListeners: [org.springframework.test.context.support.DirtiesContextBeforeModesTestExecutionListener@37a16773, org.springframework.boot.test.autoconfigure.AutoConfigureReportTestExecutionListener@35570867, org.springframework.test.context.support.DependencyInjectionTestExecutionListener@24caae33, org.springframework.test.context.support.DirtiesContextTestExecutionListener@5680737f, org.springframework.boot.test.mock.mockito.MockitoTestExecutionListener@6a260c23, org.springframework.boot.test.autoconfigure.web.client.MockRestServiceServerResetTestExecutionListener@67bf3530, org.springframework.boot.test.mock.mockito.ResetMocksTestExecutionListener@16f5b4c2, org.springframework.boot.test.autoconfigure.restdocs.RestDocsTestExecutionListener@433b36e8]
16:41:12.932 [Test worker] DEBUG org.springframework.test.annotation.ProfileValueUtils - Retrieved @ProfileValueSourceConfiguration [null] for test class [com.example.DbApplicationTests]
16:41:12.933 [Test worker] DEBUG org.springframework.test.annotation.ProfileValueUtils - Retrieved ProfileValueSource type [class org.springframework.test.annotation.SystemProfileValueSource] for class [com.example.DbApplicationTests]
16:41:12.934 [Test worker] DEBUG org.springframework.test.annotation.ProfileValueUtils - Retrieved @ProfileValueSourceConfiguration [null] for test class [com.example.DbApplicationTests]
16:41:12.934 [Test worker] DEBUG org.springframework.test.annotation.ProfileValueUtils - Retrieved ProfileValueSource type [class org.springframework.test.annotation.SystemProfileValueSource] for class [com.example.DbApplicationTests]
16:41:12.941 [Test worker] DEBUG org.springframework.test.context.support.AbstractDirtiesContextTestExecutionListener - Before test class: context [DefaultTestContext@6b98d4c2 testClass = DbApplicationTests, testInstance = [null], testMethod = [null], testException = [null], mergedContextConfiguration = [MergedContextConfiguration@4e1eeaae testClass = DbApplicationTests, locations = '{}', classes = '{class com.example.DbApplication}', contextInitializerClasses = '[]', activeProfiles = '{}', propertySourceLocations = '{}', propertySourceProperties = '{org.springframework.boot.test.context.SpringBootTestContextBootstrapper=true}', contextCustomizers = set[org.springframework.boot.test.context.SpringBootTestContextCustomizer@69dede91, org.springframework.boot.test.context.filter.ExcludeFilterContextCustomizer@37d2cb0e, org.springframework.boot.test.mock.mockito.MockitoContextCustomizer@0, org.springframework.boot.test.autoconfigure.properties.PropertyMappingContextCustomizer@0], contextLoader = 'org.springframework.boot.test.context.SpringBootContextLoader', parent = [null]]], class annotated with @DirtiesContext [false] with mode [null].
16:41:12.943 [Test worker] DEBUG org.springframework.test.annotation.ProfileValueUtils - Retrieved @ProfileValueSourceConfiguration [null] for test class [com.example.DbApplicationTests]
16:41:12.943 [Test worker] DEBUG org.springframework.test.annotation.ProfileValueUtils - Retrieved ProfileValueSource type [class org.springframework.test.annotation.SystemProfileValueSource] for class [com.example.DbApplicationTests]
16:41:12.945 [Test worker] DEBUG org.springframework.test.context.support.DependencyInjectionTestExecutionListener - Performing dependency injection for test context [[DefaultTestContext@6b98d4c2 testClass = DbApplicationTests, testInstance = com.example.DbApplicationTests@3eef82d3, testMethod = [null], testException = [null], mergedContextConfiguration = [MergedContextConfiguration@4e1eeaae testClass = DbApplicationTests, locations = '{}', classes = '{class com.example.DbApplication}', contextInitializerClasses = '[]', activeProfiles = '{}', propertySourceLocations = '{}', propertySourceProperties = '{org.springframework.boot.test.context.SpringBootTestContextBootstrapper=true}', contextCustomizers = set[org.springframework.boot.test.context.SpringBootTestContextCustomizer@69dede91, org.springframework.boot.test.context.filter.ExcludeFilterContextCustomizer@37d2cb0e, org.springframework.boot.test.mock.mockito.MockitoContextCustomizer@0, org.springframework.boot.test.autoconfigure.properties.PropertyMappingContextCustomizer@0], contextLoader = 'org.springframework.boot.test.context.SpringBootContextLoader', parent = [null]]]].
16:41:12.986 [Test worker] DEBUG org.springframework.core.env.StandardEnvironment - Adding [systemProperties] PropertySource with lowest search precedence
16:41:12.986 [Test worker] DEBUG org.springframework.core.env.StandardEnvironment - Adding [systemEnvironment] PropertySource with lowest search precedence
16:41:12.986 [Test worker] DEBUG org.springframework.core.env.StandardEnvironment - Initialized StandardEnvironment with PropertySources [systemProperties,systemEnvironment]
16:41:12.989 [Test worker] DEBUG org.springframework.test.context.support.TestPropertySourceUtils - Adding inlined properties to environment: {spring.jmx.enabled=false, org.springframework.boot.test.context.SpringBootTestContextBootstrapper=true, server.port=-1}
16:41:12.990 [Test worker] DEBUG org.springframework.core.env.StandardEnvironment - Adding [Inlined Test Properties] PropertySource with highest search precedence

  .   ____          _            __ _ _
 /\\ / ___'_ __ _ _(_)_ __  __ _ \ \ \ \
( ( )\___ | '_ | '_| | '_ \/ _` | \ \ \ \
 \\/  ___)| |_)| | | | | || (_| |  ) ) ) )
  '  |____| .__|_| |_|_| |_\__, | / / / /
 =========|_|==============|___/=/_/_/_/
 :: Spring Boot ::        (v1.4.0.RELEASE)

2016-08-19 16:41:13.363  INFO 20558 --- [    Test worker] com.example.DbApplicationTests           : Starting DbApplicationTests on msw with PID 20558 (started by deya in /home/deya/dev/java/spring/dm-mon20/dmon/src/main/java/com/dmon/db)
2016-08-19 16:41:13.364  INFO 20558 --- [    Test worker] com.example.DbApplicationTests           : No active profile set, falling back to default profiles: default
2016-08-19 16:41:13.407  INFO 20558 --- [    Test worker] s.c.a.AnnotationConfigApplicationContext : Refreshing org.springframework.context.annotation.AnnotationConfigApplicationContext@1e6fa367: startup date [Fri Aug 19 16:41:13 ACST 2016]; root of context hierarchy
2016-08-19 16:41:14.333  INFO 20558 --- [    Test worker] com.example.DbApplicationTests           : Started DbApplicationTests in 1.341 seconds (JVM running for 2.567)
]]></system-out>
  <system-err><![CDATA[]]></system-err>
</testsuite>
